
                 *********************************************
                 *                                           *
                 *             A I M - S p i c e             *
                 *                                           *
                 *         Professional Version 2020.100           *
                 *                                           *
                 *********************************************

	Date: Thu Oct 23 15:29:46 2025
	Circuit File: C:\Users\razli\ikke_onedrive\H2025\TFE4152\TFE4152-Project\Analog\koko2.cir
	Analysis: DC Transfer Curves

**************************  Circuit Description  **************************

     1:  *Current mirror
     2:  *include p18_cmos_models_ff.inc
     3:  .param proc_delta = 1.05
     4:  .param vt_shift = -0.1
     5:  *include p18_model_card.inc
     6:  * p18 model card
     7:  .MODEL NMOS NMOS  								
     8:  + VERSION	=	3.1						
     9:  + LEVEL	=	49	NOIMOD	=	1	TNOM	=	2.70E+01
    10:  + TOX	=	'4.1E-9/proc_delta'	XJ	=	1.00E-07	NCH	=	2.33E+17
    11:  + VTH0	=	'0.36+vt_shift'	K1	=	5.84E-01	K2	=	4.14E-03
    12:  + K3	=	1.01E-03	K3B	=	2.20E+00	W0	=	1.00E-07
    13:  + NLX	=	1.81E-07	DVT0W	=	0.00E+00	DVT1W	=	0.00E+00
    14:  + DVT2W	=	0.00E+00	DVT0	=	1.73E+00	DVT1	=	4.38E-01
    15:  + DVT2	=	-3.70E-04	U0	=	'260*proc_delta*proc_delta'	UA	=	-1.38E-09
    16:  + UB	=	2.26E-18	UC	=	5.46E-11	VSAT	=	1.03E+05
    17:  + A0	=	1.92E+00	AGS	=	4.20E-01	B0	=	-1.52E-09
    18:  + B1	=	-9.92E-08	KETA	=	-7.16E-03	A1	=	6.61E-04
    19:  + A2	=	8.89E-01	RDSW	=	1.12E+02	PRWG	=	4.92E-01
    20:  + PRWB	=	-2.02E-01	WR	=	1.00E+00	WINT	=	7.12E-09
    21:  + LINT	=	1.12E-08	XL	=	-2.00E-08	XW	=	-1.00E-08
    22:  + DWG	=	-3.82E-09	DWB	=	8.63E-09	VOFF	=	-8.82E-02
    23:  + NFACTOR	=	2.30E+00	CIT	=	0.00E+00	CDSC	=	2.40E-04
    24:  + CDSCD	=	0.00E+00	CDSCB	=	0.00E+00	ETA0	=	3.13E-03
    25:  + ETAB	=	1.00E+00	DSUB	=	2.25E-02	PCLM	=	7.20E-01
    26:  + PDIBLC1	=	2.15E-01	PDIBLC2	=	2.23E-03	PDIBLCB	=	1.00E-01
    27:  + DROUT	=	8.01E-01	PSCBE1	=	5.44E+08	PSCBE2	=	1.00E-03
    28:  + PVAG	=	1.00E-12	DELTA	=	1.00E-02	RSH	=	6.78E+00
    29:  + MOBMOD	=	1.00E+00	PRT	=	0.00E+00	UTE	=	-1.50E+00
    30:  + KT1	=	-1.10E-01	KT1L	=	0.00E+00	KT2	=	2.19E-02
    31:  + UA1	=	4.28E-09	UB1	=	-7.62E-18	UC1	=	-5.57E-11
    32:  + AT	=	3.30E+04	WL	=	0.00E+00	WLN	=	1.00E+00
    33:  + WW	=	0.00E+00	WWN	=	1.00E+00	WWL	=	0.00E+00
    34:  + LL	=	0.00E+00	LLN	=	1.00E+00	LW	=	0.00E+00
    35:  + LWN	=	1.00E+00	LWL	=	0.00E+00	CAPMOD	=	2.00E+00
    36:  + XPART	=	5.00E-01	CGDO	=	6.98E-10	CGSO	=	7.03E-10
    37:  + CGBO	=	1.00E-12	CJ	=	'9.8e-4/proc_delta'	PB	=	7.34E-01
    38:  + MJ	=	3.63E-01	CJSW	=	'2.4e-10/proc_delta'	PBSW	=	4.71E-01
    39:  + MJSW	=	1.00E-01	CJSWG	=	3.29E-10	PBSWG	=	4.66E-01
    40:  + MJSWG	=	1.00E-01	CF	=	0.00E+00	PVTH0	=	-7.16E-04
    41:  + PRDSW	=	-6.66E-01	PK2	=	5.92E-04	WKETA	=	2.14E-04
    42:  + LKETA	=	-1.51E-02	PU0	=	3.36E+00	PUA	=	-1.31E-11
    43:  + PUB	=	0.00E+00	PVSAT	=	1.25E+03	PETA0	=	1.00E-04
    44:  + PKETA	=	6.45E-04	KF	=	4.46E-29			
    45:  								
    46:  .MODEL PMOS PMOS  								
    47:  + VERSION	=	3.1						
    48:  + LEVEL	=	49	NOIMOD	=	1			
    49:  + TNOM	=	2.70E+01	TOX	=	'4.1E-9/proc_delta'	XJ	=	1.00E-07
    50:  + NCH	=	4.12E+17	VTH0	=	'-0.39-vt_shift'	K1	=	5.50E-01
    51:  + K2	=	3.50E-02	K3	=	0.00E+00	K3B	=	1.20E+01
    52:  + W0	=	1.00E-06	NLX	=	1.25E-07	DVT0W	=	0.00E+00
    53:  + DVT1W	=	0.00E+00	DVT2W	=	0.00E+00	DVT0	=	5.53E-01
    54:  + DVT1	=	2.46E-01	DVT2	=	1.00E-01	U0	=	'110*proc_delta*proc_delta'
    55:  + UA	=	1.44E-09	UB	=	2.29E-21	UC	=	-1.00E-10
    56:  + VSAT	=	1.95E+05	A0	=	1.72E+00	AGS	=	3.80E-01
    57:  + B0	=	5.87E-07	B1	=	1.44E-06	KETA	=	2.21E-02
    58:  + A1	=	4.66E-01	A2	=	3.00E-01	RDSW	=	3.11E+02
    59:  + PRWG	=	5.00E-01	PRWB	=	1.64E-02	WR	=	1.00E+00
    60:  + WINT	=	0.00E+00	LINT	=	2.00E-08	XL	=	-2.00E-08
    61:  + XW	=	-1.00E-08	DWG	=	-3.49E-08	DWB	=	1.22E-09
    62:  + VOFF	=	-9.80E-02	NFACTOR	=	2.00E+00	CIT	=	0.00E+00
    63:  + CDSC	=	2.40E-04	CDSCD	=	0.00E+00	CDSCB	=	0.00E+00
    64:  + ETA0	=	1.12E-03	ETAB	=	-4.79E-04	DSUB	=	1.60E-03
    65:  + PCLM	=	1.50E+00	PDIBLC1	=	3.00E-02	PDIBLC2	=	-1.01E-05
    66:  + PDIBLCB	=	1.00E-01	DROUT	=	1.56E-03	PSCBE1	=	4.91E+09
    67:  + PSCBE2	=	1.64E-09	PVAG	=	3.48E+00	DELTA	=	1.00E-02
    68:  + RSH	=	7.69E+00	MOBMOD	=	1.00E+00	PRT	=	0.00E+00
    69:  + UTE	=	-1.49E+00	KT1	=	-1.09E-01	KT1L	=	0.00E+00
    70:  + KT2	=	2.18E-02	UA1	=	4.27E-09	UB1	=	-7.68E-18
    71:  + UC1	=	-5.57E-11	AT	=	3.31E+04	WL	=	0.00E+00
    72:  + WLN	=	1.00E+00	WW	=	0.00E+00	WWN	=	1.00E+00
    73:  + WWL	=	0.00E+00	LL	=	0.00E+00	LLN	=	1.00E+00
    74:  + LW	=	0.00E+00	LWN	=	1.00E+00	LWL	=	0.00E+00
    75:  + CAPMOD	=	2.00E+00	XPART	=	5.00E-01	CGDO	=	6.88E-10
    76:  + CGSO	=	6.85E-10	CGBO	=	1.00E-12	CJ	=	'1.2e-3/proc_delta'
    77:  + PB	=	8.70E-01	MJ	=	4.20E-01	CJSW	=	'2.4e-10/proc_delta'
    78:  + PBSW	=	8.00E-01	MJSW	=	3.57E-01	CJSWG	=	4.24E-10
    79:  + PBSWG	=	8.00E-01	MJSWG	=	3.56E-01	CF	=	0.00E+00
    80:  + PVTH0	=	3.53E-03	PRDSW	=	1.02E+01	PK2	=	3.35E-03
    81:  + WKETA	=	3.52E-02	LKETA	=	-2.06E-03	PU0	=	-2.19E+00
    82:  + PUA	=	-7.63E-11	PUB	=	9.91E-22	PVSAT	=	5.00E+01
    83:  + PKETA	=	-6.41E-03	KF	=	1.29E-29	PETA0	=	7.31E-05
    84:  
    85:  *end of: p18_model_card.inc
    86:  *end of: p18_cmos_models_ff.inc
    87:  
    88:  .param length=0.5u width=4.63u 
    89:  
    90:  *Vdd 1 0 1.0V
    91:  
    92:  Vout 6 0 1.0V
    93:  
    94:  
    95:  IB 1 2 dc 45u
    96:  
    97:  Iin 1 4 50u
    98:  
    99:  
   100:  M1 6 2 7 0 NMOS L=length W=width
   101:  
   102:  M2 7 4 0 0 NMOS L={length/2} W={width/2}
   103:  
   104:  M3 5 4 0 0 NMOS L={length/2} W={width/2}
   105:  
   106:  M4 4 2 5 0 NMOS L=length W=width
   107:  
   108:  M5 2 2 0 0 NMOS L=length W={width/4}
   109:  
   110:  .plot dc id(M1)
   111:  .dc Iin 40u 50u 0.01u

***************************  Model Parameters  ****************************


***************  Device Parameters (Only for .op analysis)  ***************



**************************  Analysis Parameters  **************************

	Source name #1 .. : Iin
	Start value #1 .. : 40u
	End value #1 .... : 50u
	Increment value #1: 0.01u



**************  Options (Only those different from default)  **************

	Tnom:        50


*************************  Simulation Statistics  *************************

	Total number of iterations...........: 2186
	Total analysis time (sec)............: 0.026
	Time spent in device loading (sec)...: 0.005
	Time spent in L-U decomposition (sec): 0
	Time spent in matrix reordering (sec): 0
	Time spent in matrix solving (sec)...: 0.002

***************************  Kernel Messages  *****************************

Circuit: *Current mirror

Warning: premature EOF
Warning: parameter xl not supported; value ignored
Warning: parameter xw not supported; value ignored
Warning: Pd = 0 is less than W for m5 in model nmos.
Warning: Ps = 0 is less than W for m5 in model nmos.
Warning: Pd = 0 is less than W for m4 in model nmos.
Warning: Ps = 0 is less than W for m4 in model nmos.
Warning: Pd = 0 is less than W for m3 in model nmos.
Warning: Ps = 0 is less than W for m3 in model nmos.
Warning: Node 1 is connected only to current sources

